# JRE version: Java(TM) SE Runtime Environment (8.0_171-b11) (build 1.8.0_171-b11)
# Java VM: Java HotSpot(TM) Client VM (25.171-b11 mixed mode, sharing windows-x86 )
Heap:
 def new generation   total 78656K, used 78655K [0x04800000, 0x09d50000, 0x09d50000)
  eden space 69952K, 100% used [0x04800000, 0x08c50000, 0x08c50000)
  from space 8704K,  99% used [0x094d0000, 0x09d4fff8, 0x09d50000)
  to   space 8704K,   0% used [0x08c50000, 0x08c50000, 0x094d0000)
 tenured generation   total 174784K, used 174783K [0x09d50000, 0x14800000, 0x14800000)
   the space 174784K,  99% used [0x09d50000, 0x147ffff8, 0x14800000, 0x14800000)
 Metaspace       used 817K, capacity 2979K, committed 3008K, reserved 4480K
GC Heap History (10 events):
Event: 4608.175 GC heap after
Heap after GC invocations=955 (full 139):
 def new generation   total 78656K, used 0K [0x04800000, 0x09d50000, 0x09d50000)
  eden space 69952K,   0% used [0x04800000, 0x04800000, 0x08c50000)
  from space 8704K,   0% used [0x08c50000, 0x08c50000, 0x094d0000)
  to   space 8704K,   0% used [0x094d0000, 0x094d0000, 0x09d50000)
 tenured generation   total 174784K, used 153416K [0x09d50000, 0x14800000, 0x14800000)
   the space 174784K,  87% used [0x09d50000, 0x13322350, 0x13322400, 0x14800000)
 Metaspace       used 817K, capacity 2979K, committed 3008K, reserved 4480K
}
Event: 4612.778 GC heap before
{Heap before GC invocations=955 (full 139):
 def new generation   total 78656K, used 69952K [0x04800000, 0x09d50000, 0x09d50000)
  eden space 69952K, 100% used [0x04800000, 0x08c50000, 0x08c50000)
  from space 8704K,   0% used [0x08c50000, 0x08c50000, 0x094d0000)
  to   space 8704K,   0% used [0x094d0000, 0x094d0000, 0x09d50000)
 tenured generation   total 174784K, used 153416K [0x09d50000, 0x14800000, 0x14800000)
   the space 174784K,  87% used [0x09d50000, 0x13322350, 0x13322400, 0x14800000)
 Metaspace       used 817K, capacity 2979K, committed 3008K, reserved 4480K
Event: 4612.808 GC heap after
Heap after GC invocations=956 (full 139):
 def new generation   total 78656K, used 8704K [0x04800000, 0x09d50000, 0x09d50000)
  eden space 69952K,   0% used [0x04800000, 0x04800000, 0x08c50000)
  from space 8704K, 100% used [0x094d0000, 0x09d50000, 0x09d50000)
  to   space 8704K,   0% used [0x08c50000, 0x08c50000, 0x094d0000)
 tenured generation   total 174784K, used 169269K [0x09d50000, 0x14800000, 0x14800000)
   the space 174784K,  96% used [0x09d50000, 0x1429d760, 0x1429d800, 0x14800000)
 Metaspace       used 817K, capacity 2979K, committed 3008K, reserved 4480K
}
Event: 4618.273 GC heap before
{Heap before GC invocations=956 (full 139):
 def new generation   total 78656K, used 78656K [0x04800000, 0x09d50000, 0x09d50000)
  eden space 69952K, 100% used [0x04800000, 0x08c50000, 0x08c50000)
  from space 8704K, 100% used [0x094d0000, 0x09d50000, 0x09d50000)
  to   space 8704K,   0% used [0x08c50000, 0x08c50000, 0x094d0000)
 tenured generation   total 174784K, used 169269K [0x09d50000, 0x14800000, 0x14800000)
   the space 174784K,  96% used [0x09d50000, 0x1429d760, 0x1429d800, 0x14800000)
 Metaspace       used 817K, capacity 2979K, committed 3008K, reserved 4480K
Event: 4618.780 GC heap after
Heap after GC invocations=957 (full 140):
 def new generation   total 78656K, used 8471K [0x04800000, 0x09d50000, 0x09d50000)
  eden space 69952K,  12% used [0x04800000, 0x05045ce0, 0x08c50000)
  from space 8704K,   0% used [0x094d0000, 0x094d0000, 0x09d50000)
  to   space 8704K,   0% used [0x08c50000, 0x08c50000, 0x094d0000)
 tenured generation   total 174784K, used 172022K [0x09d50000, 0x14800000, 0x14800000)
   the space 174784K,  98% used [0x09d50000, 0x1454d970, 0x1454da00, 0x14800000)
 Metaspace       used 817K, capacity 2979K, committed 3008K, reserved 4480K
}
Event: 4622.564 GC heap before
{Heap before GC invocations=957 (full 140):
 def new generation   total 78656K, used 78655K [0x04800000, 0x09d50000, 0x09d50000)
  eden space 69952K, 100% used [0x04800000, 0x08c50000, 0x08c50000)
  from space 8704K,  99% used [0x094d0000, 0x09d4fff8, 0x09d50000)
  to   space 8704K,   0% used [0x08c50000, 0x08c50000, 0x094d0000)
 tenured generation   total 174784K, used 174783K [0x09d50000, 0x14800000, 0x14800000)
   the space 174784K,  99% used [0x09d50000, 0x147ffff0, 0x14800000, 0x14800000)
 Metaspace       used 817K, capacity 2979K, committed 3008K, reserved 4480K
Event: 4623.021 GC heap after
Heap after GC invocations=958 (full 141):
 def new generation   total 78656K, used 37891K [0x04800000, 0x09d50000, 0x09d50000)
  eden space 69952K,  54% used [0x04800000, 0x06d00d18, 0x08c50000)
  from space 8704K,   0% used [0x094d0000, 0x094d0000, 0x09d50000)
  to   space 8704K,   0% used [0x08c50000, 0x08c50000, 0x094d0000)
 tenured generation   total 174784K, used 174783K [0x09d50000, 0x14800000, 0x14800000)
   the space 174784K,  99% used [0x09d50000, 0x147fffe8, 0x14800000, 0x14800000)
 Metaspace       used 817K, capacity 2979K, committed 3008K, reserved 4480K
}
Event: 4626.242 GC heap before
{Heap before GC invocations=958 (full 141):
 def new generation   total 78656K, used 78656K [0x04800000, 0x09d50000, 0x09d50000)
  eden space 69952K, 100% used [0x04800000, 0x08c50000, 0x08c50000)
  from space 8704K, 100% used [0x094d0000, 0x09d50000, 0x09d50000)
  to   space 8704K,   0% used [0x08c50000, 0x08c50000, 0x094d0000)
 tenured generation   total 174784K, used 174783K [0x09d50000, 0x14800000, 0x14800000)
   the space 174784K,  99% used [0x09d50000, 0x147fffe8, 0x14800000, 0x14800000)
 Metaspace       used 817K, capacity 2979K, committed 3008K, reserved 4480K
Event: 4626.716 GC heap after
Heap after GC invocations=959 (full 142):
 def new generation   total 78656K, used 47065K [0x04800000, 0x09d50000, 0x09d50000)
  eden space 69952K,  67% used [0x04800000, 0x075f6430, 0x08c50000)
  from space 8704K,   0% used [0x094d0000, 0x094d0000, 0x09d50000)
  to   space 8704K,   0% used [0x08c50000, 0x08c50000, 0x094d0000)
 tenured generation   total 174784K, used 174783K [0x09d50000, 0x14800000, 0x14800000)
   the space 174784K,  99% used [0x09d50000, 0x147ffff8, 0x14800000, 0x14800000)
 Metaspace       used 817K, capacity 2979K, committed 3008K, reserved 4480K
}
Event: 4629.160 GC heap before
{Heap before GC invocations=959 (full 142):
 def new generation   total 78656K, used 78655K [0x04800000, 0x09d50000, 0x09d50000)
  eden space 69952K, 100% used [0x04800000, 0x08c50000, 0x08c50000)
  from space 8704K,  99% used [0x094d0000, 0x09d4fff8, 0x09d50000)
  to   space 8704K,   0% used [0x08c50000, 0x08c50000, 0x094d0000)
 tenured generation   total 174784K, used 174783K [0x09d50000, 0x14800000, 0x14800000)
   the space 174784K,  99% used [0x09d50000, 0x147ffff8, 0x14800000, 0x14800000)
 Metaspace       used 817K, capacity 2979K, committed 3008K, reserved 4480K

