# JRE version: Java(TM) SE Runtime Environment (8.0_171-b11) (build 1.8.0_171-b11)
# Java VM: Java HotSpot(TM) Client VM (25.171-b11 mixed mode, sharing windows-x86 )
Heap:
 def new generation   total 78656K, used 26394K [0x04800000, 0x09d50000, 0x09d50000)
  eden space 69952K,  37% used [0x04800000, 0x061c68b8, 0x08c50000)
  from space 8704K,   0% used [0x094d0000, 0x094d0338, 0x09d50000)
  to   space 8704K,   0% used [0x08c50000, 0x08c50000, 0x094d0000)
 tenured generation   total 174784K, used 116189K [0x09d50000, 0x14800000, 0x14800000)
   the space 174784K,  66% used [0x09d50000, 0x10ec74c8, 0x10ec7600, 0x14800000)
 Metaspace       used 785K, capacity 2941K, committed 3008K, reserved 4480K
GC Heap History (10 events):
Event: 3151.024 GC heap before
{Heap before GC invocations=2721 (full 2461):
 def new generation   total 78656K, used 78655K [0x04800000, 0x09d50000, 0x09d50000)
  eden space 69952K,  99% used [0x04800000, 0x08c4fff8, 0x08c50000)
  from space 8704K, 100% used [0x094d0000, 0x09d50000, 0x09d50000)
  to   space 8704K,   0% used [0x08c50000, 0x08c50000, 0x094d0000)
 tenured generation   total 174784K, used 174783K [0x09d50000, 0x14800000, 0x14800000)
   the space 174784K,  99% used [0x09d50000, 0x147ffff8, 0x14800000, 0x14800000)
 Metaspace       used 813K, capacity 2976K, committed 3008K, reserved 4480K
Event: 3151.382 GC heap after
Heap after GC invocations=2722 (full 2462):
 def new generation   total 78656K, used 0K [0x04800000, 0x09d50000, 0x09d50000)
  eden space 69952K,   0% used [0x04800000, 0x04800000, 0x08c50000)
  from space 8704K,   0% used [0x094d0000, 0x094d0000, 0x09d50000)
  to   space 8704K,   0% used [0x08c50000, 0x08c50000, 0x094d0000)
 tenured generation   total 174784K, used 116189K [0x09d50000, 0x14800000, 0x14800000)
   the space 174784K,  66% used [0x09d50000, 0x10ec74c8, 0x10ec7600, 0x14800000)
 Metaspace       used 785K, capacity 2941K, committed 3008K, reserved 4480K
}
Event: 3165.864 GC heap before
{Heap before GC invocations=2722 (full 2462):
 def new generation   total 78656K, used 69952K [0x04800000, 0x09d50000, 0x09d50000)
  eden space 69952K, 100% used [0x04800000, 0x08c50000, 0x08c50000)
  from space 8704K,   0% used [0x094d0000, 0x094d0000, 0x09d50000)
  to   space 8704K,   0% used [0x08c50000, 0x08c50000, 0x094d0000)
 tenured generation   total 174784K, used 116189K [0x09d50000, 0x14800000, 0x14800000)
   the space 174784K,  66% used [0x09d50000, 0x10ec74c8, 0x10ec7600, 0x14800000)
 Metaspace       used 785K, capacity 2941K, committed 3008K, reserved 4480K
Event: 3165.864 GC heap after
Heap after GC invocations=2723 (full 2462):
 def new generation   total 78656K, used 0K [0x04800000, 0x09d50000, 0x09d50000)
  eden space 69952K,   0% used [0x04800000, 0x04800000, 0x08c50000)
  from space 8704K,   0% used [0x08c50000, 0x08c50330, 0x094d0000)
  to   space 8704K,   0% used [0x094d0000, 0x094d0000, 0x09d50000)
 tenured generation   total 174784K, used 116189K [0x09d50000, 0x14800000, 0x14800000)
   the space 174784K,  66% used [0x09d50000, 0x10ec74c8, 0x10ec7600, 0x14800000)
 Metaspace       used 785K, capacity 2941K, committed 3008K, reserved 4480K
}
Event: 3181.271 GC heap before
{Heap before GC invocations=2723 (full 2462):
 def new generation   total 78656K, used 69952K [0x04800000, 0x09d50000, 0x09d50000)
  eden space 69952K, 100% used [0x04800000, 0x08c50000, 0x08c50000)
  from space 8704K,   0% used [0x08c50000, 0x08c50330, 0x094d0000)
  to   space 8704K,   0% used [0x094d0000, 0x094d0000, 0x09d50000)
 tenured generation   total 174784K, used 116189K [0x09d50000, 0x14800000, 0x14800000)
   the space 174784K,  66% used [0x09d50000, 0x10ec74c8, 0x10ec7600, 0x14800000)
 Metaspace       used 785K, capacity 2941K, committed 3008K, reserved 4480K
Event: 3181.271 GC heap after
Heap after GC invocations=2724 (full 2462):
 def new generation   total 78656K, used 0K [0x04800000, 0x09d50000, 0x09d50000)
  eden space 69952K,   0% used [0x04800000, 0x04800000, 0x08c50000)
  from space 8704K,   0% used [0x094d0000, 0x094d0310, 0x09d50000)
  to   space 8704K,   0% used [0x08c50000, 0x08c50000, 0x094d0000)
 tenured generation   total 174784K, used 116189K [0x09d50000, 0x14800000, 0x14800000)
   the space 174784K,  66% used [0x09d50000, 0x10ec74c8, 0x10ec7600, 0x14800000)
 Metaspace       used 785K, capacity 2941K, committed 3008K, reserved 4480K
}
Event: 3196.622 GC heap before
{Heap before GC invocations=2724 (full 2462):
 def new generation   total 78656K, used 69952K [0x04800000, 0x09d50000, 0x09d50000)
  eden space 69952K, 100% used [0x04800000, 0x08c50000, 0x08c50000)
  from space 8704K,   0% used [0x094d0000, 0x094d0310, 0x09d50000)
  to   space 8704K,   0% used [0x08c50000, 0x08c50000, 0x094d0000)
 tenured generation   total 174784K, used 116189K [0x09d50000, 0x14800000, 0x14800000)
   the space 174784K,  66% used [0x09d50000, 0x10ec74c8, 0x10ec7600, 0x14800000)
 Metaspace       used 785K, capacity 2941K, committed 3008K, reserved 4480K
Event: 3196.623 GC heap after
Heap after GC invocations=2725 (full 2462):
 def new generation   total 78656K, used 0K [0x04800000, 0x09d50000, 0x09d50000)
  eden space 69952K,   0% used [0x04800000, 0x04800000, 0x08c50000)
  from space 8704K,   0% used [0x08c50000, 0x08c50338, 0x094d0000)
  to   space 8704K,   0% used [0x094d0000, 0x094d0000, 0x09d50000)
 tenured generation   total 174784K, used 116189K [0x09d50000, 0x14800000, 0x14800000)
   the space 174784K,  66% used [0x09d50000, 0x10ec74c8, 0x10ec7600, 0x14800000)
 Metaspace       used 785K, capacity 2941K, committed 3008K, reserved 4480K
}
Event: 3212.023 GC heap before
{Heap before GC invocations=2725 (full 2462):
 def new generation   total 78656K, used 69952K [0x04800000, 0x09d50000, 0x09d50000)
  eden space 69952K, 100% used [0x04800000, 0x08c50000, 0x08c50000)
  from space 8704K,   0% used [0x08c50000, 0x08c50338, 0x094d0000)
  to   space 8704K,   0% used [0x094d0000, 0x094d0000, 0x09d50000)
 tenured generation   total 174784K, used 116189K [0x09d50000, 0x14800000, 0x14800000)
   the space 174784K,  66% used [0x09d50000, 0x10ec74c8, 0x10ec7600, 0x14800000)
 Metaspace       used 785K, capacity 2941K, committed 3008K, reserved 4480K
Event: 3212.024 GC heap after
Heap after GC invocations=2726 (full 2462):
 def new generation   total 78656K, used 0K [0x04800000, 0x09d50000, 0x09d50000)
  eden space 69952K,   0% used [0x04800000, 0x04800000, 0x08c50000)
  from space 8704K,   0% used [0x094d0000, 0x094d0338, 0x09d50000)
  to   space 8704K,   0% used [0x08c50000, 0x08c50000, 0x094d0000)
 tenured generation   total 174784K, used 116189K [0x09d50000, 0x14800000, 0x14800000)
   the space 174784K,  66% used [0x09d50000, 0x10ec74c8, 0x10ec7600, 0x14800000)
 Metaspace       used 785K, capacity 2941K, committed 3008K, reserved 4480K
}

