# JRE version: Java(TM) SE Runtime Environment (8.0_171-b11) (build 1.8.0_171-b11)
# Java VM: Java HotSpot(TM) Client VM (25.171-b11 mixed mode, sharing windows-x86 )
Heap:
 def new generation   total 78656K, used 78655K [0x05600000, 0x0ab50000, 0x0ab50000)
  eden space 69952K, 100% used [0x05600000, 0x09a50000, 0x09a50000)
  from space 8704K,  99% used [0x0a2d0000, 0x0ab4fff8, 0x0ab50000)
  to   space 8704K, 100% used [0x09a50000, 0x0a2d0000, 0x0a2d0000)
 tenured generation   total 174784K, used 174783K [0x0ab50000, 0x15600000, 0x15600000)
   the space 174784K,  99% used [0x0ab50000, 0x155ffff0, 0x15600000, 0x15600000)
 Metaspace       used 818K, capacity 2979K, committed 3008K, reserved 4480K
GC Heap History (10 events):
Event: 3853.366 GC heap after
Heap after GC invocations=815 (full 110):
 def new generation   total 78656K, used 8703K [0x05600000, 0x0ab50000, 0x0ab50000)
  eden space 69952K,   0% used [0x05600000, 0x05600000, 0x09a50000)
  from space 8704K,  99% used [0x0a2d0000, 0x0ab4fff8, 0x0ab50000)
  to   space 8704K,   0% used [0x09a50000, 0x09a50000, 0x0a2d0000)
 tenured generation   total 174784K, used 144388K [0x0ab50000, 0x15600000, 0x15600000)
   the space 174784K,  82% used [0x0ab50000, 0x138510e0, 0x13851200, 0x15600000)
 Metaspace       used 818K, capacity 2979K, committed 3008K, reserved 4480K
}
Event: 3855.865 GC heap before
{Heap before GC invocations=815 (full 110):
 def new generation   total 78656K, used 78655K [0x05600000, 0x0ab50000, 0x0ab50000)
  eden space 69952K, 100% used [0x05600000, 0x09a50000, 0x09a50000)
  from space 8704K,  99% used [0x0a2d0000, 0x0ab4fff8, 0x0ab50000)
  to   space 8704K,   0% used [0x09a50000, 0x09a50000, 0x0a2d0000)
 tenured generation   total 174784K, used 144388K [0x0ab50000, 0x15600000, 0x15600000)
   the space 174784K,  82% used [0x0ab50000, 0x138510e0, 0x13851200, 0x15600000)
 Metaspace       used 818K, capacity 2979K, committed 3008K, reserved 4480K
Event: 3855.888 GC heap after
Heap after GC invocations=816 (full 110):
 def new generation   total 78656K, used 8703K [0x05600000, 0x0ab50000, 0x0ab50000)
  eden space 69952K,   0% used [0x05600000, 0x05600000, 0x09a50000)
  from space 8704K,  99% used [0x09a50000, 0x0a2cfff8, 0x0a2d0000)
  to   space 8704K,   0% used [0x0a2d0000, 0x0a2d0000, 0x0ab50000)
 tenured generation   total 174784K, used 154508K [0x0ab50000, 0x15600000, 0x15600000)
   the space 174784K,  88% used [0x0ab50000, 0x14233168, 0x14233200, 0x15600000)
 Metaspace       used 818K, capacity 2979K, committed 3008K, reserved 4480K
}
Event: 3858.573 GC heap before
{Heap before GC invocations=816 (full 110):
 def new generation   total 78656K, used 78655K [0x05600000, 0x0ab50000, 0x0ab50000)
  eden space 69952K, 100% used [0x05600000, 0x09a50000, 0x09a50000)
  from space 8704K,  99% used [0x09a50000, 0x0a2cfff8, 0x0a2d0000)
  to   space 8704K,   0% used [0x0a2d0000, 0x0a2d0000, 0x0ab50000)
 tenured generation   total 174784K, used 154508K [0x0ab50000, 0x15600000, 0x15600000)
   the space 174784K,  88% used [0x0ab50000, 0x14233168, 0x14233200, 0x15600000)
 Metaspace       used 818K, capacity 2979K, committed 3008K, reserved 4480K
Event: 3858.595 GC heap after
Heap after GC invocations=817 (full 110):
 def new generation   total 78656K, used 7498K [0x05600000, 0x0ab50000, 0x0ab50000)
  eden space 69952K,   0% used [0x05600000, 0x05600000, 0x09a50000)
  from space 8704K,  86% used [0x0a2d0000, 0x0aa229c8, 0x0ab50000)
  to   space 8704K,   0% used [0x09a50000, 0x09a50000, 0x0a2d0000)
 tenured generation   total 174784K, used 163211K [0x0ab50000, 0x15600000, 0x15600000)
   the space 174784K,  93% used [0x0ab50000, 0x14ab2e80, 0x14ab3000, 0x15600000)
 Metaspace       used 818K, capacity 2979K, committed 3008K, reserved 4480K
}
Event: 3860.875 GC heap before
{Heap before GC invocations=817 (full 110):
 def new generation   total 78656K, used 74837K [0x05600000, 0x0ab50000, 0x0ab50000)
  eden space 69952K,  96% used [0x05600000, 0x097c2c28, 0x09a50000)
  from space 8704K,  86% used [0x0a2d0000, 0x0aa229c8, 0x0ab50000)
  to   space 8704K,   0% used [0x09a50000, 0x09a50000, 0x0a2d0000)
 tenured generation   total 174784K, used 163211K [0x0ab50000, 0x15600000, 0x15600000)
   the space 174784K,  93% used [0x0ab50000, 0x14ab2e80, 0x14ab3000, 0x15600000)
 Metaspace       used 818K, capacity 2979K, committed 3008K, reserved 4480K
Event: 3861.225 GC heap after
Heap after GC invocations=818 (full 111):
 def new generation   total 78656K, used 0K [0x05600000, 0x0ab50000, 0x0ab50000)
  eden space 69952K,   0% used [0x05600000, 0x05600000, 0x09a50000)
  from space 8704K,   0% used [0x0a2d0000, 0x0a2d0000, 0x0ab50000)
  to   space 8704K,   0% used [0x09a50000, 0x09a50000, 0x0a2d0000)
 tenured generation   total 174784K, used 150383K [0x0ab50000, 0x15600000, 0x15600000)
   the space 174784K,  86% used [0x0ab50000, 0x13e2be88, 0x13e2c000, 0x15600000)
 Metaspace       used 818K, capacity 2979K, committed 3008K, reserved 4480K
}
Event: 3865.400 GC heap before
{Heap before GC invocations=818 (full 111):
 def new generation   total 78656K, used 69952K [0x05600000, 0x0ab50000, 0x0ab50000)
  eden space 69952K, 100% used [0x05600000, 0x09a50000, 0x09a50000)
  from space 8704K,   0% used [0x0a2d0000, 0x0a2d0000, 0x0ab50000)
  to   space 8704K,   0% used [0x09a50000, 0x09a50000, 0x0a2d0000)
 tenured generation   total 174784K, used 150383K [0x0ab50000, 0x15600000, 0x15600000)
   the space 174784K,  86% used [0x0ab50000, 0x13e2be88, 0x13e2c000, 0x15600000)
 Metaspace       used 818K, capacity 2979K, committed 3008K, reserved 4480K
Event: 3865.423 GC heap after
Heap after GC invocations=819 (full 111):
 def new generation   total 78656K, used 8704K [0x05600000, 0x0ab50000, 0x0ab50000)
  eden space 69952K,   0% used [0x05600000, 0x05600000, 0x09a50000)
  from space 8704K, 100% used [0x09a50000, 0x0a2d0000, 0x0a2d0000)
  to   space 8704K,   0% used [0x0a2d0000, 0x0a2d0000, 0x0ab50000)
 tenured generation   total 174784K, used 159223K [0x0ab50000, 0x15600000, 0x15600000)
   the space 174784K,  91% used [0x0ab50000, 0x146cde60, 0x146ce000, 0x15600000)
 Metaspace       used 818K, capacity 2979K, committed 3008K, reserved 4480K
}
Event: 3871.058 GC heap before
{Heap before GC invocations=819 (full 111):
 def new generation   total 78656K, used 78656K [0x05600000, 0x0ab50000, 0x0ab50000)
  eden space 69952K, 100% used [0x05600000, 0x09a50000, 0x09a50000)
  from space 8704K, 100% used [0x09a50000, 0x0a2d0000, 0x0a2d0000)
  to   space 8704K,   0% used [0x0a2d0000, 0x0a2d0000, 0x0ab50000)
 tenured generation   total 174784K, used 159223K [0x0ab50000, 0x15600000, 0x15600000)
   the space 174784K,  91% used [0x0ab50000, 0x146cde60, 0x146ce000, 0x15600000)
 Metaspace       used 818K, capacity 2979K, committed 3008K, reserved 4480K

