# JRE version: Java(TM) SE Runtime Environment (8.0_171-b11) (build 1.8.0_171-b11)
# Java VM: Java HotSpot(TM) Client VM (25.171-b11 mixed mode, sharing windows-x86 )
Heap:
 def new generation   total 78656K, used 27343K [0x04c00000, 0x0a150000, 0x0a150000)
  eden space 69952K,  39% used [0x04c00000, 0x066b3890, 0x09050000)
  from space 8704K,   0% used [0x098d0000, 0x098d0538, 0x0a150000)
  to   space 8704K,   0% used [0x09050000, 0x09050000, 0x098d0000)
 tenured generation   total 174784K, used 116247K [0x0a150000, 0x14c00000, 0x14c00000)
   the space 174784K,  66% used [0x0a150000, 0x112d5eb8, 0x112d6000, 0x14c00000)
 Metaspace       used 785K, capacity 2941K, committed 3008K, reserved 4480K
GC Heap History (10 events):
Event: 4739.675 GC heap before
{Heap before GC invocations=998 (full 355):
 def new generation   total 78656K, used 78655K [0x04c00000, 0x0a150000, 0x0a150000)
  eden space 69952K,  99% used [0x04c00000, 0x0904fff8, 0x09050000)
  from space 8704K,  99% used [0x098d0000, 0x0a14fff0, 0x0a150000)
  to   space 8704K,   0% used [0x09050000, 0x09050000, 0x098d0000)
 tenured generation   total 174784K, used 174783K [0x0a150000, 0x14c00000, 0x14c00000)
   the space 174784K,  99% used [0x0a150000, 0x14bffff8, 0x14c00000, 0x14c00000)
 Metaspace       used 812K, capacity 2976K, committed 3008K, reserved 4480K
Event: 4740.186 GC heap after
Heap after GC invocations=999 (full 356):
 def new generation   total 78656K, used 78655K [0x04c00000, 0x0a150000, 0x0a150000)
  eden space 69952K,  99% used [0x04c00000, 0x0904fff8, 0x09050000)
  from space 8704K,  99% used [0x098d0000, 0x0a14ffe0, 0x0a150000)
  to   space 8704K,   0% used [0x09050000, 0x09050000, 0x098d0000)
 tenured generation   total 174784K, used 174783K [0x0a150000, 0x14c00000, 0x14c00000)
   the space 174784K,  99% used [0x0a150000, 0x14bffff8, 0x14c00000, 0x14c00000)
 Metaspace       used 812K, capacity 2976K, committed 3008K, reserved 4480K
}
Event: 4740.186 GC heap before
{Heap before GC invocations=999 (full 356):
 def new generation   total 78656K, used 78655K [0x04c00000, 0x0a150000, 0x0a150000)
  eden space 69952K,  99% used [0x04c00000, 0x0904fff8, 0x09050000)
  from space 8704K,  99% used [0x098d0000, 0x0a14ffe0, 0x0a150000)
  to   space 8704K,   0% used [0x09050000, 0x09050000, 0x098d0000)
 tenured generation   total 174784K, used 174783K [0x0a150000, 0x14c00000, 0x14c00000)
   the space 174784K,  99% used [0x0a150000, 0x14bffff8, 0x14c00000, 0x14c00000)
 Metaspace       used 812K, capacity 2976K, committed 3008K, reserved 4480K
Event: 4740.699 GC heap after
Heap after GC invocations=1000 (full 357):
 def new generation   total 78656K, used 78655K [0x04c00000, 0x0a150000, 0x0a150000)
  eden space 69952K,  99% used [0x04c00000, 0x0904fff8, 0x09050000)
  from space 8704K,  99% used [0x098d0000, 0x0a14ffe0, 0x0a150000)
  to   space 8704K,   0% used [0x09050000, 0x09050000, 0x098d0000)
 tenured generation   total 174784K, used 174783K [0x0a150000, 0x14c00000, 0x14c00000)
   the space 174784K,  99% used [0x0a150000, 0x14bffff8, 0x14c00000, 0x14c00000)
 Metaspace       used 812K, capacity 2976K, committed 3008K, reserved 4480K
}
Event: 4740.699 GC heap before
{Heap before GC invocations=1000 (full 357):
 def new generation   total 78656K, used 78655K [0x04c00000, 0x0a150000, 0x0a150000)
  eden space 69952K,  99% used [0x04c00000, 0x0904fff8, 0x09050000)
  from space 8704K, 100% used [0x098d0000, 0x0a150000, 0x0a150000)
  to   space 8704K,   0% used [0x09050000, 0x09050000, 0x098d0000)
 tenured generation   total 174784K, used 174783K [0x0a150000, 0x14c00000, 0x14c00000)
   the space 174784K,  99% used [0x0a150000, 0x14bffff8, 0x14c00000, 0x14c00000)
 Metaspace       used 812K, capacity 2976K, committed 3008K, reserved 4480K
Event: 4741.036 GC heap after
Heap after GC invocations=1001 (full 358):
 def new generation   total 78656K, used 0K [0x04c00000, 0x0a150000, 0x0a150000)
  eden space 69952K,   0% used [0x04c00000, 0x04c00000, 0x09050000)
  from space 8704K,   0% used [0x098d0000, 0x098d0000, 0x0a150000)
  to   space 8704K,   0% used [0x09050000, 0x09050000, 0x098d0000)
 tenured generation   total 174784K, used 116247K [0x0a150000, 0x14c00000, 0x14c00000)
   the space 174784K,  66% used [0x0a150000, 0x112d5eb8, 0x112d6000, 0x14c00000)
 Metaspace       used 784K, capacity 2941K, committed 3008K, reserved 4480K
}
Event: 4755.487 GC heap before
{Heap before GC invocations=1001 (full 358):
 def new generation   total 78656K, used 69952K [0x04c00000, 0x0a150000, 0x0a150000)
  eden space 69952K, 100% used [0x04c00000, 0x09050000, 0x09050000)
  from space 8704K,   0% used [0x098d0000, 0x098d0000, 0x0a150000)
  to   space 8704K,   0% used [0x09050000, 0x09050000, 0x098d0000)
 tenured generation   total 174784K, used 116247K [0x0a150000, 0x14c00000, 0x14c00000)
   the space 174784K,  66% used [0x0a150000, 0x112d5eb8, 0x112d6000, 0x14c00000)
 Metaspace       used 785K, capacity 2941K, committed 3008K, reserved 4480K
Event: 4755.488 GC heap after
Heap after GC invocations=1002 (full 358):
 def new generation   total 78656K, used 1K [0x04c00000, 0x0a150000, 0x0a150000)
  eden space 69952K,   0% used [0x04c00000, 0x04c00000, 0x09050000)
  from space 8704K,   0% used [0x09050000, 0x09050560, 0x098d0000)
  to   space 8704K,   0% used [0x098d0000, 0x098d0000, 0x0a150000)
 tenured generation   total 174784K, used 116247K [0x0a150000, 0x14c00000, 0x14c00000)
   the space 174784K,  66% used [0x0a150000, 0x112d5eb8, 0x112d6000, 0x14c00000)
 Metaspace       used 785K, capacity 2941K, committed 3008K, reserved 4480K
}
Event: 4770.838 GC heap before
{Heap before GC invocations=1002 (full 358):
 def new generation   total 78656K, used 69953K [0x04c00000, 0x0a150000, 0x0a150000)
  eden space 69952K, 100% used [0x04c00000, 0x09050000, 0x09050000)
  from space 8704K,   0% used [0x09050000, 0x09050560, 0x098d0000)
  to   space 8704K,   0% used [0x098d0000, 0x098d0000, 0x0a150000)
 tenured generation   total 174784K, used 116247K [0x0a150000, 0x14c00000, 0x14c00000)
   the space 174784K,  66% used [0x0a150000, 0x112d5eb8, 0x112d6000, 0x14c00000)
 Metaspace       used 785K, capacity 2941K, committed 3008K, reserved 4480K
Event: 4770.839 GC heap after
Heap after GC invocations=1003 (full 358):
 def new generation   total 78656K, used 1K [0x04c00000, 0x0a150000, 0x0a150000)
  eden space 69952K,   0% used [0x04c00000, 0x04c00000, 0x09050000)
  from space 8704K,   0% used [0x098d0000, 0x098d0538, 0x0a150000)
  to   space 8704K,   0% used [0x09050000, 0x09050000, 0x098d0000)
 tenured generation   total 174784K, used 116247K [0x0a150000, 0x14c00000, 0x14c00000)
   the space 174784K,  66% used [0x0a150000, 0x112d5eb8, 0x112d6000, 0x14c00000)
 Metaspace       used 785K, capacity 2941K, committed 3008K, reserved 4480K
}

